[debug] [2023-08-29T02:10:35.345Z] ----------------------------------------------------------------------
[debug] [2023-08-29T02:10:35.347Z] Command:       C:\Program Files\nodejs\node.exe C:\Users\sum41\AppData\Roaming\npm\node_modules\firebase-tools\lib\bin\firebase.js init
[debug] [2023-08-29T02:10:35.347Z] CLI Version:   12.5.2
[debug] [2023-08-29T02:10:35.348Z] Platform:      win32
[debug] [2023-08-29T02:10:35.348Z] Node Version:  v18.17.1
[debug] [2023-08-29T02:10:35.348Z] Time:          Tue Aug 29 2023 11:10:35 GMT+0900 (GMT+09:00)
[debug] [2023-08-29T02:10:35.349Z] ----------------------------------------------------------------------
[debug] 
[debug] [2023-08-29T02:10:35.355Z] > command requires scopes: ["email","openid","https://www.googleapis.com/auth/cloudplatformprojects.readonly","https://www.googleapis.com/auth/firebase","https://www.googleapis.com/auth/cloud-platform"]
[debug] [2023-08-29T02:10:35.355Z] > authorizing via signed-in user (sum41fanstar@gmail.com)
[info] 
     ######## #### ########  ######## ########     ###     ######  ########
     ##        ##  ##     ## ##       ##     ##  ##   ##  ##       ##
     ######    ##  ########  ######   ########  #########  ######  ######
     ##        ##  ##    ##  ##       ##     ## ##     ##       ## ##
     ##       #### ##     ## ######## ########  ##     ##  ######  ########

You're about to initialize a Firebase project in this directory:

  C:\Users\sum41\OneDrive\デスクトップ\blog-with-react-and-firebase

[debug] [2023-08-29T02:11:26.242Z] ----------------------------------------------------------------------
[debug] [2023-08-29T02:11:26.244Z] Command:       C:\Program Files\nodejs\node.exe C:\Users\sum41\AppData\Roaming\npm\node_modules\firebase-tools\lib\bin\firebase.js init hosting
[debug] [2023-08-29T02:11:26.244Z] CLI Version:   12.5.2
[debug] [2023-08-29T02:11:26.244Z] Platform:      win32
[debug] [2023-08-29T02:11:26.244Z] Node Version:  v18.17.1
[debug] [2023-08-29T02:11:26.245Z] Time:          Tue Aug 29 2023 11:11:26 GMT+0900 (GMT+09:00)
[debug] [2023-08-29T02:11:26.245Z] ----------------------------------------------------------------------
[debug] 
[debug] [2023-08-29T02:11:26.251Z] > command requires scopes: ["email","openid","https://www.googleapis.com/auth/cloudplatformprojects.readonly","https://www.googleapis.com/auth/firebase","https://www.googleapis.com/auth/cloud-platform"]
[debug] [2023-08-29T02:11:26.252Z] > authorizing via signed-in user (sum41fanstar@gmail.com)
[info] 
     ######## #### ########  ######## ########     ###     ######  ########
     ##        ##  ##     ## ##       ##     ##  ##   ##  ##       ##
     ######    ##  ########  ######   ########  #########  ######  ######
     ##        ##  ##    ##  ##       ##     ## ##     ##       ## ##
     ##       #### ##     ## ######## ########  ##     ##  ######  ########

You're about to initialize a Firebase project in this directory:

  C:\Users\sum41\OneDrive\デスクトップ\blog-with-react-and-firebase

[info] 
=== Project Setup
[info] 
[info] First, let's associate this project directory with a Firebase project.
[info] You can create multiple project aliases by running firebase use --add, 
[info] but for now we'll just set up a default project.
[info] 
